<?xml version="1.0" encoding="UTF-8"?>
<!-- Generated by org.testng.reporters.JUnitXMLReporter -->
<testsuite ignored="1" hostname="Chilanka-PC" failures="0" tests="1" name="Default test" time="16.976" errors="0" timestamp="2023-05-06T16:43:14 IST">
  <testcase classname="tests.DatePickersTest" name="another" time="2.839"/>
  <testcase classname="tests.DatePickersTest" name="verify_datePicker" time="0.0">
    <ignored/>
  </testcase> <!-- verify_datePicker -->
</testsuite> <!-- Default test -->
