<?xml version="1.0" encoding="UTF-8"?>
<!-- Generated by org.testng.reporters.JUnitXMLReporter -->
<testsuite ignored="3" hostname="AMBAL" failures="0" tests="1" name="Default test" time="7.288" errors="0" timestamp="2023-05-10T19:27:25 IST">
  <testcase classname="tests.TableTest" name="verifyNames" time="1.1"/>
  <testcase classname="tests.TableTest" name="verifyOffice" time="0.0">
    <ignored/>
  </testcase> <!-- verifyOffice -->
  <testcase classname="tests.TableTest" name="verify_tableHeading" time="0.0">
    <ignored/>
  </testcase> <!-- verify_tableHeading -->
  <testcase classname="tests.TableTest" name="verify_officeOfPerson" time="0.0">
    <ignored/>
  </testcase> <!-- verify_officeOfPerson -->
</testsuite> <!-- Default test -->
