<?xml version="1.0" encoding="UTF-8"?>
<testng-results ignored="0" total="1" passed="1" failed="0" skipped="0">
  <reporter-output>
  </reporter-output>
  <suite started-at="2023-05-03T22:41:04 IST" name="Default suite" finished-at="2023-05-03T22:41:17 IST" duration-ms="13500">
    <groups>
    </groups>
    <test started-at="2023-05-03T22:41:04 IST" name="Default test" finished-at="2023-05-03T22:41:17 IST" duration-ms="13500">
      <class name="tests.TableTest">
        <test-method is-config="true" signature="launchBrowser()[pri:0, instance:tests.TableTest@77fbd92c]" started-at="2023-05-03T22:41:04 IST" name="launchBrowser" finished-at="2023-05-03T22:41:15 IST" duration-ms="11319" status="PASS">
          <reporter-output>
          </reporter-output>
        </test-method> <!-- launchBrowser -->
        <test-method signature="verify_tableHeading()[pri:0, instance:tests.TableTest@77fbd92c]" started-at="2023-05-03T22:41:15 IST" name="verify_tableHeading" finished-at="2023-05-03T22:41:16 IST" duration-ms="1236" status="PASS">
          <reporter-output>
          </reporter-output>
        </test-method> <!-- verify_tableHeading -->
        <test-method is-config="true" signature="terminate()[pri:0, instance:tests.TableTest@77fbd92c]" started-at="2023-05-03T22:41:16 IST" name="terminate" finished-at="2023-05-03T22:41:17 IST" duration-ms="803" status="PASS">
          <reporter-output>
          </reporter-output>
        </test-method> <!-- terminate -->
      </class> <!-- tests.TableTest -->
    </test> <!-- Default test -->
  </suite> <!-- Default suite -->
</testng-results>
