<?xml version="1.0" encoding="UTF-8"?>
<testng-results ignored="3" total="4" passed="1" failed="0" skipped="0">
  <reporter-output>
  </reporter-output>
  <suite started-at="2023-05-10T19:27:17 IST" name="Default suite" finished-at="2023-05-10T19:27:25 IST" duration-ms="7288">
    <groups>
    </groups>
    <test started-at="2023-05-10T19:27:17 IST" name="Default test" finished-at="2023-05-10T19:27:25 IST" duration-ms="7288">
      <class name="tests.TableTest">
        <test-method is-config="true" signature="launchBrowser()[pri:0, instance:tests.TableTest@72967906]" started-at="2023-05-10T19:27:17 IST" name="launchBrowser" finished-at="2023-05-10T19:27:23 IST" duration-ms="6145" status="PASS">
          <reporter-output>
          </reporter-output>
        </test-method> <!-- launchBrowser -->
        <test-method signature="verifyNames()[pri:0, instance:tests.TableTest@72967906]" started-at="2023-05-10T19:27:23 IST" name="verifyNames" finished-at="2023-05-10T19:27:25 IST" duration-ms="1100" status="PASS">
          <reporter-output>
          </reporter-output>
        </test-method> <!-- verifyNames -->
        <test-method is-config="true" signature="terminate()[pri:0, instance:tests.TableTest@72967906]" started-at="2023-05-10T19:27:25 IST" name="terminate" finished-at="2023-05-10T19:27:25 IST" duration-ms="0" status="PASS">
          <reporter-output>
          </reporter-output>
        </test-method> <!-- terminate -->
      </class> <!-- tests.TableTest -->
    </test> <!-- Default test -->
  </suite> <!-- Default suite -->
</testng-results>
